[debug] [2023-01-04T13:25:21.250Z] ----------------------------------------------------------------------
[debug] [2023-01-04T13:25:21.251Z] Command:       C:\Program Files\nodejs\node.exe C:\Program Files\nodejs\node_modules\firebase-tools\lib\bin\firebase.js init
[debug] [2023-01-04T13:25:21.252Z] CLI Version:   11.19.0
[debug] [2023-01-04T13:25:21.252Z] Platform:      win32
[debug] [2023-01-04T13:25:21.252Z] Node Version:  v16.13.1
[debug] [2023-01-04T13:25:21.253Z] Time:          Wed Jan 04 2023 15:25:21 GMT+0200 (Eastern European Standard Time)
[debug] [2023-01-04T13:25:21.253Z] ----------------------------------------------------------------------
[debug] 
[debug] [2023-01-04T13:25:21.260Z] > command requires scopes: ["email","openid","https://www.googleapis.com/auth/cloudplatformprojects.readonly","https://www.googleapis.com/auth/firebase","https://www.googleapis.com/auth/cloud-platform"]
[debug] [2023-01-04T13:25:21.260Z] > authorizing via signed-in user (anastan0205@gmail.com)
[info] 
     ######## #### ########  ######## ########     ###     ######  ########
     ##        ##  ##     ## ##       ##     ##  ##   ##  ##       ##
     ######    ##  ########  ######   ########  #########  ######  ######
     ##        ##  ##    ##  ##       ##     ## ##     ##       ## ##
     ##       #### ##     ## ######## ########  ##     ##  ######  ########

You're about to initialize a Firebase project in this directory:

  F:\Facultate\An3\Sem1\React\React\proiect

[info] 
=== Project Setup
[info] 
[info] First, let's associate this project directory with a Firebase project.
[info] You can create multiple project aliases by running firebase use --add, 
[info] but for now we'll just set up a default project.
[info] 
[debug] [2023-01-04T13:26:05.605Z] >>> [apiv2][query] GET https://firebase.googleapis.com/v1beta1/projects pageSize=100
[debug] [2023-01-04T13:26:13.194Z] <<< [apiv2][status] GET https://firebase.googleapis.com/v1beta1/projects 200
[debug] [2023-01-04T13:26:13.194Z] <<< [apiv2][body] GET https://firebase.googleapis.com/v1beta1/projects [omitted]
[info] i  Using project csa-fc-341-c31f1 (CSA FC 341) 
[info] 
=== Database Setup
[info] i  database: ensuring required API firebasedatabase.googleapis.com is enabled... 
[debug] [2023-01-04T13:26:13.215Z] >>> [apiv2][query] GET https://serviceusage.googleapis.com/v1/projects/csa-fc-341-c31f1/services/firebasedatabase.googleapis.com [none]
[debug] [2023-01-04T13:26:13.215Z] >>> [apiv2][(partial)header] GET https://serviceusage.googleapis.com/v1/projects/csa-fc-341-c31f1/services/firebasedatabase.googleapis.com x-goog-quota-user=projects/csa-fc-341-c31f1
[debug] [2023-01-04T13:26:14.313Z] <<< [apiv2][status] GET https://serviceusage.googleapis.com/v1/projects/csa-fc-341-c31f1/services/firebasedatabase.googleapis.com 200
[debug] [2023-01-04T13:26:14.314Z] <<< [apiv2][body] GET https://serviceusage.googleapis.com/v1/projects/csa-fc-341-c31f1/services/firebasedatabase.googleapis.com [omitted]
[warn] !  database: missing required API firebasedatabase.googleapis.com. Enabling now... 
[debug] [2023-01-04T13:26:14.314Z] >>> [apiv2][query] POST https://serviceusage.googleapis.com/v1/projects/csa-fc-341-c31f1/services/firebasedatabase.googleapis.com:enable [none]
[debug] [2023-01-04T13:26:14.314Z] >>> [apiv2][(partial)header] POST https://serviceusage.googleapis.com/v1/projects/csa-fc-341-c31f1/services/firebasedatabase.googleapis.com:enable x-goog-quota-user=projects/csa-fc-341-c31f1
[debug] [2023-01-04T13:26:15.834Z] <<< [apiv2][status] POST https://serviceusage.googleapis.com/v1/projects/csa-fc-341-c31f1/services/firebasedatabase.googleapis.com:enable 200
[debug] [2023-01-04T13:26:15.834Z] <<< [apiv2][body] POST https://serviceusage.googleapis.com/v1/projects/csa-fc-341-c31f1/services/firebasedatabase.googleapis.com:enable [omitted]
[debug] [2023-01-04T13:26:25.842Z] >>> [apiv2][query] GET https://serviceusage.googleapis.com/v1/projects/csa-fc-341-c31f1/services/firebasedatabase.googleapis.com [none]
[debug] [2023-01-04T13:26:25.842Z] >>> [apiv2][(partial)header] GET https://serviceusage.googleapis.com/v1/projects/csa-fc-341-c31f1/services/firebasedatabase.googleapis.com x-goog-quota-user=projects/csa-fc-341-c31f1
[debug] [2023-01-04T13:26:26.818Z] <<< [apiv2][status] GET https://serviceusage.googleapis.com/v1/projects/csa-fc-341-c31f1/services/firebasedatabase.googleapis.com 200
[debug] [2023-01-04T13:26:26.819Z] <<< [apiv2][body] GET https://serviceusage.googleapis.com/v1/projects/csa-fc-341-c31f1/services/firebasedatabase.googleapis.com [omitted]
[info] +  database: required API firebasedatabase.googleapis.com is enabled 
[info] 
[debug] [2023-01-04T13:26:26.822Z] >>> [apiv2][query] GET https://firebase.googleapis.com/v1beta1/projects/csa-fc-341-c31f1 [none]
[debug] [2023-01-04T13:26:27.119Z] <<< [apiv2][status] GET https://firebase.googleapis.com/v1beta1/projects/csa-fc-341-c31f1 200
[debug] [2023-01-04T13:26:27.119Z] <<< [apiv2][body] GET https://firebase.googleapis.com/v1beta1/projects/csa-fc-341-c31f1 {"projectId":"csa-fc-341-c31f1","projectNumber":"738164234064","displayName":"CSA FC 341","name":"projects/csa-fc-341-c31f1","resources":{"hostingSite":"csa-fc-341-c31f1","storageBucket":"csa-fc-341-c31f1.appspot.com","locationId":"europe-central2"},"state":"ACTIVE","etag":"1_acb3ee36-2e4d-443a-941d-2ef554e2b772"}
[debug] [2023-01-04T13:26:44.003Z] >>> [apiv2][query] POST https://firebasedatabase.googleapis.com/v1beta/projects/csa-fc-341-c31f1/locations/europe-west1/instances databaseId=csa-fc-341-c31f1-default-rtdb&validateOnly=true
[debug] [2023-01-04T13:26:44.003Z] >>> [apiv2][body] POST https://firebasedatabase.googleapis.com/v1beta/projects/csa-fc-341-c31f1/locations/europe-west1/instances {"type":"default_database"}
[debug] [2023-01-04T13:26:45.158Z] <<< [apiv2][status] POST https://firebasedatabase.googleapis.com/v1beta/projects/csa-fc-341-c31f1/locations/europe-west1/instances 200
[debug] [2023-01-04T13:26:45.158Z] <<< [apiv2][body] POST https://firebasedatabase.googleapis.com/v1beta/projects/csa-fc-341-c31f1/locations/europe-west1/instances {"name":"projects/738164234064/locations/europe-west1/instances/csa-fc-341-c31f1-default-rtdb","project":"projects/738164234064","databaseUrl":"https://csa-fc-341-c31f1-default-rtdb.europe-west1.firebasedatabase.app","type":"DEFAULT_DATABASE","state":"ACTIVE"}
[debug] [2023-01-04T13:26:45.159Z] >>> [apiv2][query] POST https://firebasedatabase.googleapis.com/v1beta/projects/csa-fc-341-c31f1/locations/europe-west1/instances databaseId=csa-fc-341-c31f1-default-rtdb
[debug] [2023-01-04T13:26:45.159Z] >>> [apiv2][body] POST https://firebasedatabase.googleapis.com/v1beta/projects/csa-fc-341-c31f1/locations/europe-west1/instances {"type":"default_database"}
[debug] [2023-01-04T13:26:46.147Z] <<< [apiv2][status] POST https://firebasedatabase.googleapis.com/v1beta/projects/csa-fc-341-c31f1/locations/europe-west1/instances 200
[debug] [2023-01-04T13:26:46.147Z] <<< [apiv2][body] POST https://firebasedatabase.googleapis.com/v1beta/projects/csa-fc-341-c31f1/locations/europe-west1/instances {"name":"projects/738164234064/locations/europe-west1/instances/csa-fc-341-c31f1-default-rtdb","project":"projects/738164234064","databaseUrl":"https://csa-fc-341-c31f1-default-rtdb.europe-west1.firebasedatabase.app","type":"DEFAULT_DATABASE","state":"ACTIVE"}
[info] 
[info] Firebase Realtime Database Security Rules allow you to define how your data should be
[info] structured and when your data can be read from and written to.
[info] 
[debug] [2023-01-04T13:26:49.842Z] >>> [apiv2][query] GET https://csa-fc-341-c31f1-default-rtdb.europe-west1.firebasedatabase.app/.settings/rules.json [none]
[debug] [2023-01-04T13:26:51.049Z] <<< [apiv2][status] GET https://csa-fc-341-c31f1-default-rtdb.europe-west1.firebasedatabase.app/.settings/rules.json 200
[debug] [2023-01-04T13:26:51.049Z] <<< [apiv2][body] GET https://csa-fc-341-c31f1-default-rtdb.europe-west1.firebasedatabase.app/.settings/rules.json [stream]
[info] +  Database Rules for csa-fc-341-c31f1-default-rtdb have been written to database.rules.json. 
[info] Future modifications to database.rules.json will update Realtime Database Security Rules when you run
[info] firebase deploy.
[info] 
=== Firestore Setup
[debug] [2023-01-04T13:26:51.054Z] >>> [apiv2][query] GET https://serviceusage.googleapis.com/v1/projects/csa-fc-341-c31f1/services/firestore.googleapis.com [none]
[debug] [2023-01-04T13:26:51.054Z] >>> [apiv2][(partial)header] GET https://serviceusage.googleapis.com/v1/projects/csa-fc-341-c31f1/services/firestore.googleapis.com x-goog-quota-user=projects/csa-fc-341-c31f1
[debug] [2023-01-04T13:26:52.071Z] <<< [apiv2][status] GET https://serviceusage.googleapis.com/v1/projects/csa-fc-341-c31f1/services/firestore.googleapis.com 200
[debug] [2023-01-04T13:26:52.071Z] <<< [apiv2][body] GET https://serviceusage.googleapis.com/v1/projects/csa-fc-341-c31f1/services/firestore.googleapis.com [omitted]
[debug] [2023-01-04T13:26:52.071Z] >>> [apiv2][query] GET https://appengine.googleapis.com/v1/apps/csa-fc-341-c31f1 [none]
[debug] [2023-01-04T13:26:52.405Z] <<< [apiv2][status] GET https://appengine.googleapis.com/v1/apps/csa-fc-341-c31f1 200
[debug] [2023-01-04T13:26:52.405Z] <<< [apiv2][body] GET https://appengine.googleapis.com/v1/apps/csa-fc-341-c31f1 {"name":"apps/csa-fc-341-c31f1","id":"csa-fc-341-c31f1","authDomain":"gmail.com","locationId":"europe-central2","codeBucket":"staging.csa-fc-341-c31f1.appspot.com","servingStatus":"SERVING","defaultHostname":"csa-fc-341-c31f1.lm.r.appspot.com","defaultBucket":"csa-fc-341-c31f1.appspot.com","serviceAccount":"csa-fc-341-c31f1@appspot.gserviceaccount.com","gcrDomain":"eu.gcr.io","databaseType":"CLOUD_FIRESTORE","featureSettings":{"splitHealthChecks":true,"useContainerOptimizedOs":true}}
[debug] [2023-01-04T13:26:52.405Z] database_type: CLOUD_FIRESTORE
[debug] [2023-01-04T13:26:52.405Z] > command requires scopes: ["email","openid","https://www.googleapis.com/auth/cloudplatformprojects.readonly","https://www.googleapis.com/auth/firebase","https://www.googleapis.com/auth/cloud-platform"]
[debug] [2023-01-04T13:26:52.405Z] > authorizing via signed-in user (anastan0205@gmail.com)
[debug] [2023-01-04T13:26:52.405Z] [iam] checking project csa-fc-341-c31f1 for permissions ["firebase.projects.get"]
[debug] [2023-01-04T13:26:52.406Z] >>> [apiv2][query] POST https://cloudresourcemanager.googleapis.com/v1/projects/csa-fc-341-c31f1:testIamPermissions [none]
[debug] [2023-01-04T13:26:52.406Z] >>> [apiv2][(partial)header] POST https://cloudresourcemanager.googleapis.com/v1/projects/csa-fc-341-c31f1:testIamPermissions x-goog-quota-user=projects/csa-fc-341-c31f1
[debug] [2023-01-04T13:26:52.406Z] >>> [apiv2][body] POST https://cloudresourcemanager.googleapis.com/v1/projects/csa-fc-341-c31f1:testIamPermissions {"permissions":["firebase.projects.get"]}
[debug] [2023-01-04T13:26:53.239Z] <<< [apiv2][status] POST https://cloudresourcemanager.googleapis.com/v1/projects/csa-fc-341-c31f1:testIamPermissions 200
[debug] [2023-01-04T13:26:53.239Z] <<< [apiv2][body] POST https://cloudresourcemanager.googleapis.com/v1/projects/csa-fc-341-c31f1:testIamPermissions {"permissions":["firebase.projects.get"]}
[info] 
[info] Firestore Security Rules allow you to define how and when to allow
[info] requests. You can keep these rules in your project directory
[info] and publish them with firebase deploy.
[info] 
[debug] [2023-01-04T13:26:56.970Z] >>> [apiv2][query] GET https://firebaserules.googleapis.com/v1/projects/csa-fc-341-c31f1/releases pageSize=10&pageToken=
[debug] [2023-01-04T13:26:57.367Z] <<< [apiv2][status] GET https://firebaserules.googleapis.com/v1/projects/csa-fc-341-c31f1/releases 200
[debug] [2023-01-04T13:26:57.367Z] <<< [apiv2][body] GET https://firebaserules.googleapis.com/v1/projects/csa-fc-341-c31f1/releases {"releases":[{"name":"projects/csa-fc-341-c31f1/releases/cloud.firestore","rulesetName":"projects/csa-fc-341-c31f1/rulesets/abe9c876-71f8-48f4-892f-cf05751e2a7d","createTime":"2022-11-02T12:26:23.089587Z","updateTime":"2022-11-19T12:19:10.622762Z"}]}
[debug] [2023-01-04T13:26:57.367Z] Found ruleset: projects/csa-fc-341-c31f1/rulesets/abe9c876-71f8-48f4-892f-cf05751e2a7d
[debug] [2023-01-04T13:26:57.367Z] >>> [apiv2][query] GET https://firebaserules.googleapis.com/v1/projects/csa-fc-341-c31f1/rulesets/abe9c876-71f8-48f4-892f-cf05751e2a7d [none]
[debug] [2023-01-04T13:26:57.677Z] <<< [apiv2][status] GET https://firebaserules.googleapis.com/v1/projects/csa-fc-341-c31f1/rulesets/abe9c876-71f8-48f4-892f-cf05751e2a7d 200
[debug] [2023-01-04T13:26:57.677Z] <<< [apiv2][body] GET https://firebaserules.googleapis.com/v1/projects/csa-fc-341-c31f1/rulesets/abe9c876-71f8-48f4-892f-cf05751e2a7d [omitted]
[info] 
[info] Firestore indexes allow you to perform complex queries while
[info] maintaining performance that scales with the size of the result
[info] set. You can keep index definitions in your project directory
[info] and publish them with firebase deploy.
[info] 
[debug] [2023-01-04T13:26:58.767Z] >>> [apiv2][query] GET https://firestore.googleapis.com/v1/projects/csa-fc-341-c31f1/databases/(default)/collectionGroups/-/indexes [none]
[debug] [2023-01-04T13:26:58.769Z] >>> [apiv2][query] GET https://firestore.googleapis.com/v1/projects/csa-fc-341-c31f1/databases/(default)/collectionGroups/-/fields?filter=indexConfig.usesAncestorConfig=false OR ttlConfig:* [none]
[debug] [2023-01-04T13:26:59.011Z] <<< [apiv2][status] GET https://firestore.googleapis.com/v1/projects/csa-fc-341-c31f1/databases/(default)/collectionGroups/-/fields?filter=indexConfig.usesAncestorConfig=false OR ttlConfig:* 200
[debug] [2023-01-04T13:26:59.011Z] <<< [apiv2][body] GET https://firestore.googleapis.com/v1/projects/csa-fc-341-c31f1/databases/(default)/collectionGroups/-/fields?filter=indexConfig.usesAncestorConfig=false OR ttlConfig:* {"fields":[{"name":"projects/csa-fc-341-c31f1/databases/(default)/collectionGroups/__default__/fields/*","indexConfig":{"indexes":[{"queryScope":"COLLECTION","fields":[{"fieldPath":"*","order":"ASCENDING"}],"state":"READY"},{"queryScope":"COLLECTION","fields":[{"fieldPath":"*","order":"DESCENDING"}],"state":"READY"},{"queryScope":"COLLECTION","fields":[{"fieldPath":"*","arrayConfig":"CONTAINS"}],"state":"READY"}]}}]}
[debug] [2023-01-04T13:26:59.012Z] <<< [apiv2][status] GET https://firestore.googleapis.com/v1/projects/csa-fc-341-c31f1/databases/(default)/collectionGroups/-/indexes 200
[debug] [2023-01-04T13:26:59.012Z] <<< [apiv2][body] GET https://firestore.googleapis.com/v1/projects/csa-fc-341-c31f1/databases/(default)/collectionGroups/-/indexes {}
[info] 
=== Functions Setup
[debug] [2023-01-04T13:26:59.015Z] > command requires scopes: ["email","openid","https://www.googleapis.com/auth/cloudplatformprojects.readonly","https://www.googleapis.com/auth/firebase","https://www.googleapis.com/auth/cloud-platform"]
[debug] [2023-01-04T13:26:59.015Z] > authorizing via signed-in user (anastan0205@gmail.com)
[debug] [2023-01-04T13:26:59.015Z] [iam] checking project csa-fc-341-c31f1 for permissions ["firebase.projects.get"]
[debug] [2023-01-04T13:26:59.015Z] >>> [apiv2][query] POST https://cloudresourcemanager.googleapis.com/v1/projects/csa-fc-341-c31f1:testIamPermissions [none]
[debug] [2023-01-04T13:26:59.016Z] >>> [apiv2][(partial)header] POST https://cloudresourcemanager.googleapis.com/v1/projects/csa-fc-341-c31f1:testIamPermissions x-goog-quota-user=projects/csa-fc-341-c31f1
[debug] [2023-01-04T13:26:59.016Z] >>> [apiv2][body] POST https://cloudresourcemanager.googleapis.com/v1/projects/csa-fc-341-c31f1:testIamPermissions {"permissions":["firebase.projects.get"]}
[debug] [2023-01-04T13:26:59.807Z] <<< [apiv2][status] POST https://cloudresourcemanager.googleapis.com/v1/projects/csa-fc-341-c31f1:testIamPermissions 200
[debug] [2023-01-04T13:26:59.807Z] <<< [apiv2][body] POST https://cloudresourcemanager.googleapis.com/v1/projects/csa-fc-341-c31f1:testIamPermissions {"permissions":["firebase.projects.get"]}
[debug] [2023-01-04T13:26:59.807Z] >>> [apiv2][query] GET https://serviceusage.googleapis.com/v1/projects/csa-fc-341-c31f1/services/cloudfunctions.googleapis.com [none]
[debug] [2023-01-04T13:26:59.807Z] >>> [apiv2][(partial)header] GET https://serviceusage.googleapis.com/v1/projects/csa-fc-341-c31f1/services/cloudfunctions.googleapis.com x-goog-quota-user=projects/csa-fc-341-c31f1
[debug] [2023-01-04T13:26:59.808Z] >>> [apiv2][query] GET https://serviceusage.googleapis.com/v1/projects/csa-fc-341-c31f1/services/runtimeconfig.googleapis.com [none]
[debug] [2023-01-04T13:26:59.808Z] >>> [apiv2][(partial)header] GET https://serviceusage.googleapis.com/v1/projects/csa-fc-341-c31f1/services/runtimeconfig.googleapis.com x-goog-quota-user=projects/csa-fc-341-c31f1
[debug] [2023-01-04T13:27:00.774Z] <<< [apiv2][status] GET https://serviceusage.googleapis.com/v1/projects/csa-fc-341-c31f1/services/runtimeconfig.googleapis.com 200
[debug] [2023-01-04T13:27:00.774Z] <<< [apiv2][body] GET https://serviceusage.googleapis.com/v1/projects/csa-fc-341-c31f1/services/runtimeconfig.googleapis.com [omitted]
[debug] [2023-01-04T13:27:00.850Z] <<< [apiv2][status] GET https://serviceusage.googleapis.com/v1/projects/csa-fc-341-c31f1/services/cloudfunctions.googleapis.com 200
[debug] [2023-01-04T13:27:00.850Z] <<< [apiv2][body] GET https://serviceusage.googleapis.com/v1/projects/csa-fc-341-c31f1/services/cloudfunctions.googleapis.com [omitted]
[debug] [2023-01-04T13:27:00.850Z] >>> [apiv2][query] POST https://serviceusage.googleapis.com/v1/projects/csa-fc-341-c31f1/services/cloudfunctions.googleapis.com:enable [none]
[debug] [2023-01-04T13:27:00.851Z] >>> [apiv2][(partial)header] POST https://serviceusage.googleapis.com/v1/projects/csa-fc-341-c31f1/services/cloudfunctions.googleapis.com:enable x-goog-quota-user=projects/csa-fc-341-c31f1
[debug] [2023-01-04T13:27:02.460Z] <<< [apiv2][status] POST https://serviceusage.googleapis.com/v1/projects/csa-fc-341-c31f1/services/cloudfunctions.googleapis.com:enable 200
[debug] [2023-01-04T13:27:02.460Z] <<< [apiv2][body] POST https://serviceusage.googleapis.com/v1/projects/csa-fc-341-c31f1/services/cloudfunctions.googleapis.com:enable [omitted]
[debug] [2023-01-04T13:27:12.462Z] >>> [apiv2][query] GET https://serviceusage.googleapis.com/v1/projects/csa-fc-341-c31f1/services/cloudfunctions.googleapis.com [none]
[debug] [2023-01-04T13:27:12.462Z] >>> [apiv2][(partial)header] GET https://serviceusage.googleapis.com/v1/projects/csa-fc-341-c31f1/services/cloudfunctions.googleapis.com x-goog-quota-user=projects/csa-fc-341-c31f1
[debug] [2023-01-04T13:27:13.439Z] <<< [apiv2][status] GET https://serviceusage.googleapis.com/v1/projects/csa-fc-341-c31f1/services/cloudfunctions.googleapis.com 200
[debug] [2023-01-04T13:27:13.439Z] <<< [apiv2][body] GET https://serviceusage.googleapis.com/v1/projects/csa-fc-341-c31f1/services/cloudfunctions.googleapis.com [omitted]
[info] Let's create a new codebase for your functions.
[info] A directory corresponding to the codebase will be created in your project
[info] with sample code pre-configured.

[info] See https://firebase.google.com/docs/functions/organize-functions for
[info] more information on organizing your functions using codebases.

[info] Functions can be deployed with firebase deploy.

[info] +  Wrote functions/package.json 
[info] +  Wrote functions/index.js 
[info] +  Wrote functions/.gitignore 
[info] 
=== Hosting Setup
[info] 
[info] Your public directory is the folder (relative to your project directory) that
[info] will contain Hosting assets to be uploaded with firebase deploy. If you
[info] have a build process for your assets, use your build's output directory.
[info] 
[info] +  Wrote public/404.html 
[debug] [2023-01-04T13:28:22.867Z] >>> [apiv2][query] GET https://www.gstatic.com/firebasejs/releases.json [none]
[debug] [2023-01-04T13:28:22.994Z] <<< [apiv2][status] GET https://www.gstatic.com/firebasejs/releases.json 200
[debug] [2023-01-04T13:28:22.994Z] <<< [apiv2][body] GET https://www.gstatic.com/firebasejs/releases.json {"current":{"version":"9.15.0","browserURL":"https://www.gstatic.com/firebasejs/9.15.0/firebase.js","packageURL":"https://www.gstatic.com/firebasejs/9.15.0/firebase.tgz"},"live":{"version":"9.15","browserURL":"https://www.gstatic.com/firebasejs/live/9.15/firebase.js","packageURL":"https://www.gstatic.com/firebasejs/live/9.15/firebase.tgz"},"components":{"analytics":"https://www.gstatic.com/firebasejs/9.15.0/firebase-analytics.js","app":"https://www.gstatic.com/firebasejs/9.15.0/firebase-app.js","app-check":"https://www.gstatic.com/firebasejs/9.15.0/firebase-app-check.js","auth":"https://www.gstatic.com/firebasejs/9.15.0/firebase-auth.js","auth/cordova":"https://www.gstatic.com/firebasejs/9.15.0/firebase-auth/cordova.js","auth/react-native":"https://www.gstatic.com/firebasejs/9.15.0/firebase-auth/react-native.js","functions":"https://www.gstatic.com/firebasejs/9.15.0/firebase-functions.js","firestore":"https://www.gstatic.com/firebasejs/9.15.0/firebase-firestore.js","firestore/lite":"https://www.gstatic.com/firebasejs/9.15.0/firebase-firestore/lite.js","installations":"https://www.gstatic.com/firebasejs/9.15.0/firebase-installations.js","storage":"https://www.gstatic.com/firebasejs/9.15.0/firebase-storage.js","performance":"https://www.gstatic.com/firebasejs/9.15.0/firebase-performance.js","remote-config":"https://www.gstatic.com/firebasejs/9.15.0/firebase-remote-config.js","messaging":"https://www.gstatic.com/firebasejs/9.15.0/firebase-messaging.js","messaging/sw":"https://www.gstatic.com/firebasejs/9.15.0/firebase-messaging/sw.js","database":"https://www.gstatic.com/firebasejs/9.15.0/firebase-database.js","firestore.memory":"https://www.gstatic.com/firebasejs/9.15.0/firebase-firestore.memory.js"}}
[info] i  Skipping write of public/index.html 
[info] 
=== Storage Setup
[info] 
[info] Firebase Storage Security Rules allow you to define how and when to allow
[info] uploads and downloads. You can keep these rules in your project directory
[info] and publish them with firebase deploy.
[info] 
[info] +  Wrote storage.rules 
[info] 
=== Emulators Setup
